[15:52:35] [Server thread/INFO]: Starting minecraft server version 1.12.2
[15:52:35] [Server thread/INFO]: Loading properties
[15:52:35] [Server thread/INFO]: Default game type: CREATIVE
[15:52:36] [Server thread/INFO]: This server is running CraftBukkit version git-Spigot-5695bca-53fccdf (MC: 1.12.2) (Implementing API version 1.12.2-R0.1-SNAPSHOT)
[15:52:37] [Server thread/INFO]: Debug logging is disabled
[15:52:37] [Server thread/INFO]: Server Ping Player Sample Count: 12
[15:52:37] [Server thread/INFO]: Using 4 threads for Netty based IO
[15:52:37] [Server thread/INFO]: Generating keypair
[15:52:37] [Server thread/INFO]: Starting Minecraft server on *:25565
[15:52:37] [Server thread/INFO]: Using default channel type
[15:52:38] [Server thread/INFO]: Set PluginClassLoader as parallel capable
[15:52:39] [Server thread/INFO]: [RaspberryJuice] Loading RaspberryJuice v1.11
[15:52:39] [Server thread/WARN]: **** SERVER IS RUNNING IN OFFLINE/INSECURE MODE!
[15:52:39] [Server thread/WARN]: The server will make no attempt to authenticate usernames. Beware.
[15:52:39] [Server thread/WARN]: While this makes the game possible to play without internet access, it also opens up the ability for hackers to connect with any username they choose.
[15:52:39] [Server thread/WARN]: To change this, set "online-mode" to "true" in the server.properties file.
[15:52:39] [Server thread/INFO]: **** Beginning UUID conversion, this may take A LONG time ****
[15:52:39] [Server thread/INFO]: Preparing level "world"
[15:52:39] [Server thread/INFO]: -------- World Settings For [world] --------
[15:52:39] [Server thread/INFO]: Mob Spawn Range: 4
[15:52:39] [Server thread/INFO]: Max TNT Explosions: 100
[15:52:39] [Server thread/INFO]: Item Merge Radius: 2.5
[15:52:39] [Server thread/INFO]: Item Despawn Rate: 6000
[15:52:39] [Server thread/INFO]: Hopper Transfer: 8 Hopper Check: 1 Hopper Amount: 1
[15:52:39] [Server thread/INFO]: Entity Tracking Range: Pl 48 / An 48 / Mo 48 / Mi 32 / Other 64
[15:52:39] [Server thread/INFO]: Random Lighting Updates: false
[15:52:39] [Server thread/INFO]: Structure Info Saving: true
[15:52:39] [Server thread/INFO]: Allow Zombie Pigmen to spawn from portal blocks: true
[15:52:39] [Server thread/INFO]: Arrow Despawn Rate: 1200
[15:52:39] [Server thread/INFO]: Cactus Growth Modifier: 100%
[15:52:39] [Server thread/INFO]: Cane Growth Modifier: 100%
[15:52:39] [Server thread/INFO]: Melon Growth Modifier: 100%
[15:52:39] [Server thread/INFO]: Mushroom Growth Modifier: 100%
[15:52:39] [Server thread/INFO]: Pumpkin Growth Modifier: 100%
[15:52:39] [Server thread/INFO]: Sapling Growth Modifier: 100%
[15:52:39] [Server thread/INFO]: Wheat Growth Modifier: 100%
[15:52:39] [Server thread/INFO]: NetherWart Growth Modifier: 100%
[15:52:39] [Server thread/INFO]: Vine Growth Modifier: 100%
[15:52:39] [Server thread/INFO]: Cocoa Growth Modifier: 100%
[15:52:39] [Server thread/INFO]: Entity Activation Range: An 32 / Mo 32 / Mi 16
[15:52:39] [Server thread/INFO]: View Distance: 10
[15:52:39] [Server thread/INFO]: Tile Max Tick Time: 50ms Entity max Tick Time: 50ms
[15:52:39] [Server thread/INFO]: Zombie Aggressive Towards Villager: true
[15:52:39] [Server thread/INFO]: Experience Merge Radius: 3.0
[15:52:39] [Server thread/INFO]: Nerfing mobs spawned from spawners: false
[15:52:39] [Server thread/INFO]: Custom Map Seeds:  Village: 10387312 Feature: 14357617 Monument: 10387313 Slime: 987234911
[15:52:40] [Server thread/INFO]: -------- World Settings For [world_nether] --------
[15:52:40] [Server thread/INFO]: Mob Spawn Range: 4
[15:52:40] [Server thread/INFO]: Max TNT Explosions: 100
[15:52:40] [Server thread/INFO]: Item Merge Radius: 2.5
[15:52:40] [Server thread/INFO]: Item Despawn Rate: 6000
[15:52:40] [Server thread/INFO]: Hopper Transfer: 8 Hopper Check: 1 Hopper Amount: 1
[15:52:40] [Server thread/INFO]: Entity Tracking Range: Pl 48 / An 48 / Mo 48 / Mi 32 / Other 64
[15:52:40] [Server thread/INFO]: Random Lighting Updates: false
[15:52:40] [Server thread/INFO]: Structure Info Saving: true
[15:52:40] [Server thread/INFO]: Allow Zombie Pigmen to spawn from portal blocks: true
[15:52:40] [Server thread/INFO]: Arrow Despawn Rate: 1200
[15:52:40] [Server thread/INFO]: Cactus Growth Modifier: 100%
[15:52:40] [Server thread/INFO]: Cane Growth Modifier: 100%
[15:52:40] [Server thread/INFO]: Melon Growth Modifier: 100%
[15:52:40] [Server thread/INFO]: Mushroom Growth Modifier: 100%
[15:52:40] [Server thread/INFO]: Pumpkin Growth Modifier: 100%
[15:52:40] [Server thread/INFO]: Sapling Growth Modifier: 100%
[15:52:40] [Server thread/INFO]: Wheat Growth Modifier: 100%
[15:52:40] [Server thread/INFO]: NetherWart Growth Modifier: 100%
[15:52:40] [Server thread/INFO]: Vine Growth Modifier: 100%
[15:52:40] [Server thread/INFO]: Cocoa Growth Modifier: 100%
[15:52:40] [Server thread/INFO]: Entity Activation Range: An 32 / Mo 32 / Mi 16
[15:52:40] [Server thread/INFO]: View Distance: 10
[15:52:40] [Server thread/INFO]: Tile Max Tick Time: 50ms Entity max Tick Time: 50ms
[15:52:40] [Server thread/INFO]: Zombie Aggressive Towards Villager: true
[15:52:40] [Server thread/INFO]: Experience Merge Radius: 3.0
[15:52:40] [Server thread/INFO]: Nerfing mobs spawned from spawners: false
[15:52:40] [Server thread/INFO]: Custom Map Seeds:  Village: 10387312 Feature: 14357617 Monument: 10387313 Slime: 987234911
[15:52:40] [Server thread/INFO]: -------- World Settings For [world_the_end] --------
[15:52:40] [Server thread/INFO]: Mob Spawn Range: 4
[15:52:40] [Server thread/INFO]: Max TNT Explosions: 100
[15:52:40] [Server thread/INFO]: Item Merge Radius: 2.5
[15:52:40] [Server thread/INFO]: Item Despawn Rate: 6000
[15:52:40] [Server thread/INFO]: Hopper Transfer: 8 Hopper Check: 1 Hopper Amount: 1
[15:52:40] [Server thread/INFO]: Entity Tracking Range: Pl 48 / An 48 / Mo 48 / Mi 32 / Other 64
[15:52:40] [Server thread/INFO]: Random Lighting Updates: false
[15:52:40] [Server thread/INFO]: Structure Info Saving: true
[15:52:40] [Server thread/INFO]: Allow Zombie Pigmen to spawn from portal blocks: true
[15:52:40] [Server thread/INFO]: Arrow Despawn Rate: 1200
[15:52:40] [Server thread/INFO]: Cactus Growth Modifier: 100%
[15:52:40] [Server thread/INFO]: Cane Growth Modifier: 100%
[15:52:40] [Server thread/INFO]: Melon Growth Modifier: 100%
[15:52:40] [Server thread/INFO]: Mushroom Growth Modifier: 100%
[15:52:40] [Server thread/INFO]: Pumpkin Growth Modifier: 100%
[15:52:40] [Server thread/INFO]: Sapling Growth Modifier: 100%
[15:52:40] [Server thread/INFO]: Wheat Growth Modifier: 100%
[15:52:40] [Server thread/INFO]: NetherWart Growth Modifier: 100%
[15:52:40] [Server thread/INFO]: Vine Growth Modifier: 100%
[15:52:40] [Server thread/INFO]: Cocoa Growth Modifier: 100%
[15:52:40] [Server thread/INFO]: Entity Activation Range: An 32 / Mo 32 / Mi 16
[15:52:40] [Server thread/INFO]: View Distance: 10
[15:52:40] [Server thread/INFO]: Tile Max Tick Time: 50ms Entity max Tick Time: 50ms
[15:52:40] [Server thread/INFO]: Zombie Aggressive Towards Villager: true
[15:52:40] [Server thread/INFO]: Experience Merge Radius: 3.0
[15:52:40] [Server thread/INFO]: Nerfing mobs spawned from spawners: false
[15:52:40] [Server thread/INFO]: Custom Map Seeds:  Village: 10387312 Feature: 14357617 Monument: 10387313 Slime: 987234911
[15:52:40] [Server thread/INFO]: Preparing start region for level 0 (Seed: 2378841865812155771)
[15:52:41] [Server thread/INFO]: Preparing spawn area: 17%
[15:52:42] [Server thread/INFO]: Preparing spawn area: 74%
[15:52:43] [Server thread/INFO]: Preparing start region for level 1 (Seed: 2378841865812155771)
[15:52:44] [Server thread/INFO]: Preparing spawn area: 49%
[15:52:44] [Server thread/INFO]: Preparing start region for level 2 (Seed: 2378841865812155771)
[15:52:45] [Server thread/INFO]: [RaspberryJuice] Enabling RaspberryJuice v1.11
[15:52:45] [Server thread/INFO]: [RaspberryJuice] -----------------------------------------
[15:52:45] [Server thread/INFO]: [RaspberryJuice] Welcome CodingAPE school Minecraft Python
[15:52:45] [Server thread/INFO]: [RaspberryJuice] -----------------------------------------
[15:52:45] [Server thread/INFO]: [RaspberryJuice] Using port 4711
[15:52:45] [Server thread/INFO]: [RaspberryJuice] Using ABSOLUTE locations
[15:52:45] [Server thread/INFO]: [RaspberryJuice] Using BOTH clicks for hits
[15:52:45] [Server thread/INFO]: [RaspberryJuice] ThreadListener Started
[15:52:45] [Server thread/INFO]: Server permissions file permissions.yml is empty, ignoring it
[15:52:45] [Server thread/INFO]: Done (6.832s)! For help, type "help" or "?"
[15:52:45] [Server thread/INFO]: Starting remote control listener
[15:52:45] [RCON Listener #1/INFO]: RCON running on 0.0.0.0:25575
[15:55:24] [User Authenticator #1/INFO]: UUID of player SinkingMite7911 is e058a182-3a5d-370d-a90b-28598ee59412
[15:55:25] [Server thread/INFO]: SinkingMite7911[/127.0.0.1:53592] logged in with entity id 199 at ([world]55.2167838696704, 71.30675912785055, 578.6037886029782)
[15:56:43] [Server thread/WARN]: SinkingMite7911 moved too quickly! -20.809567709951267,0.0,-29.955975406190248
[16:05:00] [Server thread/INFO]: SinkingMite7911 fell out of the world
[16:07:24] [Server thread/INFO]: SinkingMite7911 has made the advancement [Local Brewery]
[16:16:19] [Server thread/INFO]: SinkingMite7911 lost connection: Disconnected
[16:16:21] [Server thread/INFO]: SinkingMite7911 left the game
